<?xml version="1.0" encoding="UTF-8"?>
<coverage generated="1618514363860" clover="3.2.0">
  <project timestamp="1618514363860" name="All files">
    <metrics statements="38" coveredstatements="7" conditionals="20" coveredconditionals="3" methods="11" coveredmethods="1" elements="69" coveredelements="11" complexity="0" loc="38" ncloc="38" packages="1" files="1" classes="1"/>
    <file name="RegisterScreen.js" path="C:\Harish\Electrical Engineering\EE 461L\project-ryde\frontend\src\screens\RegisterScreen.js">
      <metrics statements="38" coveredstatements="7" conditionals="20" coveredconditionals="3" methods="11" coveredmethods="1"/>
      <line num="20" count="1" type="stmt"/>
      <line num="40" count="1" type="stmt"/>
      <line num="41" count="2" type="cond" truecount="1" falsecount="1"/>
      <line num="42" count="0" type="stmt"/>
      <line num="44" count="2" type="cond" truecount="2" falsecount="0"/>
      <line num="49" count="1" type="stmt"/>
      <line num="51" count="1" type="stmt"/>
      <line num="56" count="0" type="stmt"/>
      <line num="57" count="0" type="stmt"/>
      <line num="58" count="0" type="stmt"/>
      <line num="59" count="0" type="stmt"/>
      <line num="60" count="0" type="stmt"/>
      <line num="61" count="0" type="stmt"/>
      <line num="62" count="0" type="stmt"/>
      <line num="63" count="0" type="stmt"/>
      <line num="64" count="0" type="stmt"/>
      <line num="65" count="0" type="cond" truecount="0" falsecount="2"/>
      <line num="66" count="0" type="stmt"/>
      <line num="67" count="0" type="stmt"/>
      <line num="69" count="0" type="stmt"/>
      <line num="75" count="0" type="cond" truecount="0" falsecount="2"/>
      <line num="76" count="0" type="stmt"/>
      <line num="78" count="0" type="cond" truecount="0" falsecount="2"/>
      <line num="79" count="0" type="stmt"/>
      <line num="83" count="0" type="stmt"/>
      <line num="84" count="0" type="cond" truecount="0" falsecount="4"/>
      <line num="85" count="0" type="cond" truecount="0" falsecount="2"/>
      <line num="86" count="0" type="stmt"/>
      <line num="88" count="0" type="stmt"/>
      <line num="91" count="0" type="stmt"/>
      <line num="94" count="0" type="stmt"/>
      <line num="117" count="0" type="stmt"/>
      <line num="129" count="0" type="stmt"/>
      <line num="141" count="0" type="stmt"/>
      <line num="154" count="0" type="stmt"/>
      <line num="166" count="0" type="stmt"/>
      <line num="200" count="1" type="stmt"/>
      <line num="201" count="0" type="stmt"/>
    </file>
  </project>
</coverage>
