{"C:\\Harish\\Electrical Engineering\\EE 461L\\project-ryde\\frontend\\src\\screens\\RegisterScreen.js": {"path":"C:\\Harish\\Electrical Engineering\\EE 461L\\project-ryde\\frontend\\src\\screens\\RegisterScreen.js","statementMap":{"0":{"start":{"line":20,"column":18},"end":{"line":38,"column":3}},"1":{"start":{"line":20,"column":39},"end":{"line":38,"column":1}},"2":{"start":{"line":40,"column":31},"end":{"line":52,"column":1}},"3":{"start":{"line":41,"column":2},"end":{"line":43,"column":3}},"4":{"start":{"line":42,"column":4},"end":{"line":42,"column":17}},"5":{"start":{"line":44,"column":2},"end":{"line":50,"column":3}},"6":{"start":{"line":49,"column":4},"end":{"line":49,"column":16}},"7":{"start":{"line":51,"column":2},"end":{"line":51,"column":15}},"8":{"start":{"line":56,"column":18},"end":{"line":56,"column":29}},"9":{"start":{"line":57,"column":18},"end":{"line":57,"column":30}},"10":{"start":{"line":58,"column":36},"end":{"line":58,"column":48}},"11":{"start":{"line":59,"column":34},"end":{"line":59,"column":46}},"12":{"start":{"line":60,"column":28},"end":{"line":60,"column":40}},"13":{"start":{"line":61,"column":34},"end":{"line":61,"column":46}},"14":{"start":{"line":62,"column":48},"end":{"line":62,"column":60}},"15":{"start":{"line":63,"column":42},"end":{"line":63,"column":54}},"16":{"start":{"line":64,"column":25},"end":{"line":82,"column":3}},"17":{"start":{"line":65,"column":4},"end":{"line":68,"column":5}},"18":{"start":{"line":66,"column":6},"end":{"line":66,"column":45}},"19":{"start":{"line":67,"column":6},"end":{"line":67,"column":13}},"20":{"start":{"line":69,"column":19},"end":{"line":74,"column":6}},"21":{"start":{"line":75,"column":4},"end":{"line":81,"column":5}},"22":{"start":{"line":76,"column":6},"end":{"line":76,"column":37}},"23":{"start":{"line":78,"column":6},"end":{"line":80,"column":7}},"24":{"start":{"line":79,"column":8},"end":{"line":79,"column":38}},"25":{"start":{"line":83,"column":2},"end":{"line":93,"column":34}},"26":{"start":{"line":84,"column":4},"end":{"line":92,"column":5}},"27":{"start":{"line":85,"column":6},"end":{"line":89,"column":7}},"28":{"start":{"line":86,"column":8},"end":{"line":86,"column":50}},"29":{"start":{"line":88,"column":8},"end":{"line":88,"column":28}},"30":{"start":{"line":91,"column":6},"end":{"line":91,"column":26}},"31":{"start":{"line":94,"column":2},"end":{"line":197,"column":4}},"32":{"start":{"line":117,"column":29},"end":{"line":117,"column":57}},"33":{"start":{"line":129,"column":29},"end":{"line":129,"column":56}},"34":{"start":{"line":141,"column":29},"end":{"line":141,"column":53}},"35":{"start":{"line":154,"column":29},"end":{"line":154,"column":56}},"36":{"start":{"line":166,"column":29},"end":{"line":166,"column":63}},"37":{"start":{"line":200,"column":24},"end":{"line":202,"column":1}},"38":{"start":{"line":201,"column":2},"end":{"line":201,"column":30}}},"fnMap":{"0":{"name":"(anonymous_0)","decl":{"start":{"line":20,"column":29},"end":{"line":20,"column":30}},"loc":{"start":{"line":20,"column":39},"end":{"line":38,"column":1}},"line":20},"1":{"name":"(anonymous_1)","decl":{"start":{"line":40,"column":31},"end":{"line":40,"column":32}},"loc":{"start":{"line":40,"column":39},"end":{"line":52,"column":1}},"line":40},"2":{"name":"RegisterScreen","decl":{"start":{"line":55,"column":9},"end":{"line":55,"column":23}},"loc":{"start":{"line":55,"column":31},"end":{"line":198,"column":1}},"line":55},"3":{"name":"(anonymous_3)","decl":{"start":{"line":64,"column":25},"end":{"line":64,"column":26}},"loc":{"start":{"line":64,"column":37},"end":{"line":82,"column":3}},"line":64},"4":{"name":"(anonymous_4)","decl":{"start":{"line":83,"column":12},"end":{"line":83,"column":13}},"loc":{"start":{"line":83,"column":18},"end":{"line":93,"column":3}},"line":83},"5":{"name":"(anonymous_5)","decl":{"start":{"line":117,"column":24},"end":{"line":117,"column":25}},"loc":{"start":{"line":117,"column":29},"end":{"line":117,"column":57}},"line":117},"6":{"name":"(anonymous_6)","decl":{"start":{"line":129,"column":24},"end":{"line":129,"column":25}},"loc":{"start":{"line":129,"column":29},"end":{"line":129,"column":56}},"line":129},"7":{"name":"(anonymous_7)","decl":{"start":{"line":141,"column":24},"end":{"line":141,"column":25}},"loc":{"start":{"line":141,"column":29},"end":{"line":141,"column":53}},"line":141},"8":{"name":"(anonymous_8)","decl":{"start":{"line":154,"column":24},"end":{"line":154,"column":25}},"loc":{"start":{"line":154,"column":29},"end":{"line":154,"column":56}},"line":154},"9":{"name":"(anonymous_9)","decl":{"start":{"line":166,"column":24},"end":{"line":166,"column":25}},"loc":{"start":{"line":166,"column":29},"end":{"line":166,"column":63}},"line":166},"10":{"name":"(anonymous_10)","decl":{"start":{"line":200,"column":24},"end":{"line":200,"column":25}},"loc":{"start":{"line":200,"column":33},"end":{"line":202,"column":1}},"line":200}},"branchMap":{"0":{"loc":{"start":{"line":41,"column":2},"end":{"line":43,"column":3}},"type":"if","locations":[{"start":{"line":41,"column":2},"end":{"line":43,"column":3}},{"start":{"line":41,"column":2},"end":{"line":43,"column":3}}],"line":41},"1":{"loc":{"start":{"line":44,"column":2},"end":{"line":50,"column":3}},"type":"if","locations":[{"start":{"line":44,"column":2},"end":{"line":50,"column":3}},{"start":{"line":44,"column":2},"end":{"line":50,"column":3}}],"line":44},"2":{"loc":{"start":{"line":65,"column":4},"end":{"line":68,"column":5}},"type":"if","locations":[{"start":{"line":65,"column":4},"end":{"line":68,"column":5}},{"start":{"line":65,"column":4},"end":{"line":68,"column":5}}],"line":65},"3":{"loc":{"start":{"line":75,"column":4},"end":{"line":81,"column":5}},"type":"if","locations":[{"start":{"line":75,"column":4},"end":{"line":81,"column":5}},{"start":{"line":75,"column":4},"end":{"line":81,"column":5}}],"line":75},"4":{"loc":{"start":{"line":78,"column":6},"end":{"line":80,"column":7}},"type":"if","locations":[{"start":{"line":78,"column":6},"end":{"line":80,"column":7}},{"start":{"line":78,"column":6},"end":{"line":80,"column":7}}],"line":78},"5":{"loc":{"start":{"line":84,"column":4},"end":{"line":92,"column":5}},"type":"if","locations":[{"start":{"line":84,"column":4},"end":{"line":92,"column":5}},{"start":{"line":84,"column":4},"end":{"line":92,"column":5}}],"line":84},"6":{"loc":{"start":{"line":84,"column":8},"end":{"line":84,"column":49}},"type":"binary-expr","locations":[{"start":{"line":84,"column":8},"end":{"line":84,"column":23}},{"start":{"line":84,"column":27},"end":{"line":84,"column":49}}],"line":84},"7":{"loc":{"start":{"line":85,"column":6},"end":{"line":89,"column":7}},"type":"if","locations":[{"start":{"line":85,"column":6},"end":{"line":89,"column":7}},{"start":{"line":85,"column":6},"end":{"line":89,"column":7}}],"line":85},"8":{"loc":{"start":{"line":96,"column":7},"end":{"line":96,"column":78}},"type":"cond-expr","locations":[{"start":{"line":96,"column":21},"end":{"line":96,"column":48}},{"start":{"line":96,"column":51},"end":{"line":96,"column":78}}],"line":96},"9":{"loc":{"start":{"line":180,"column":9},"end":{"line":191,"column":16}},"type":"cond-expr","locations":[{"start":{"line":181,"column":10},"end":{"line":190,"column":18}},{"start":{"line":191,"column":12},"end":{"line":191,"column":16}}],"line":180}},"s":{"0":1,"1":0,"2":1,"3":2,"4":0,"5":2,"6":1,"7":1,"8":0,"9":0,"10":0,"11":0,"12":0,"13":0,"14":0,"15":0,"16":0,"17":0,"18":0,"19":0,"20":0,"21":0,"22":0,"23":0,"24":0,"25":0,"26":0,"27":0,"28":0,"29":0,"30":0,"31":0,"32":0,"33":0,"34":0,"35":0,"36":0,"37":1,"38":0},"f":{"0":0,"1":2,"2":0,"3":0,"4":0,"5":0,"6":0,"7":0,"8":0,"9":0,"10":0},"b":{"0":[0,2],"1":[1,1],"2":[0,0],"3":[0,0],"4":[0,0],"5":[0,0],"6":[0,0],"7":[0,0],"8":[0,0],"9":[0,0]},"_coverageSchema":"1a1c01bbd47fc00a2c39e90264f33305004495a9","hash":"f5136c219ae5c7fa0a4a4aeb5883daa8ddeb4089"}
}
