TN:
SF:frontend\src\screens\RegisterScreen.js
FN:20,(anonymous_0)
FN:40,(anonymous_1)
FN:55,RegisterScreen
FN:64,(anonymous_3)
FN:83,(anonymous_4)
FN:117,(anonymous_5)
FN:129,(anonymous_6)
FN:141,(anonymous_7)
FN:154,(anonymous_8)
FN:166,(anonymous_9)
FN:200,(anonymous_10)
FNF:11
FNH:1
FNDA:0,(anonymous_0)
FNDA:2,(anonymous_1)
FNDA:0,RegisterScreen
FNDA:0,(anonymous_3)
FNDA:0,(anonymous_4)
FNDA:0,(anonymous_5)
FNDA:0,(anonymous_6)
FNDA:0,(anonymous_7)
FNDA:0,(anonymous_8)
FNDA:0,(anonymous_9)
FNDA:0,(anonymous_10)
DA:20,1
DA:40,1
DA:41,2
DA:42,0
DA:44,2
DA:49,1
DA:51,1
DA:56,0
DA:57,0
DA:58,0
DA:59,0
DA:60,0
DA:61,0
DA:62,0
DA:63,0
DA:64,0
DA:65,0
DA:66,0
DA:67,0
DA:69,0
DA:75,0
DA:76,0
DA:78,0
DA:79,0
DA:83,0
DA:84,0
DA:85,0
DA:86,0
DA:88,0
DA:91,0
DA:94,0
DA:117,0
DA:129,0
DA:141,0
DA:154,0
DA:166,0
DA:200,1
DA:201,0
LF:38
LH:7
BRDA:41,0,0,0
BRDA:41,0,1,2
BRDA:44,1,0,1
BRDA:44,1,1,1
BRDA:65,2,0,0
BRDA:65,2,1,0
BRDA:75,3,0,0
BRDA:75,3,1,0
BRDA:78,4,0,0
BRDA:78,4,1,0
BRDA:84,5,0,0
BRDA:84,5,1,0
BRDA:84,6,0,0
BRDA:84,6,1,0
BRDA:85,7,0,0
BRDA:85,7,1,0
BRDA:96,8,0,0
BRDA:96,8,1,0
BRDA:180,9,0,0
BRDA:180,9,1,0
BRF:20
BRH:3
end_of_record
